<?xml version="1.0" encoding="UTF-8" standalone="no"?><testsuite errors="0" failures="2" name="Quiero realizar automatizacion en la app My Demo App" skipped="0" tests="2" time="11.33" timestamp="2025-07-21 11:41:30"><testcase name="Incio de sesion con credenciales validas"><failure message="&#13;&#10;Expected: an element that is visible&#13;&#10;     but: no matching element found by [VIEW located with: xpath: (//android.widget.ImageView[@content-desc='Product Image'])[1]]" type="java.lang.AssertionError">&#13;
Expected: an element that is visible&#13;
     but: no matching element found by [VIEW located with: xpath: (//android.widget.ImageView[@content-desc='Product Image'])[1]]</failure><system-err>&#13;
Expected: an element that is visible&#13;
     but: no matching element found by [VIEW located with: xpath: (//android.widget.ImageView[@content-desc='Product Image'])[1]]&#13;
co.smusala.tasks.LoginApp.performAs(LoginApp.java:43)&#13;
co.smusala.stepdefinitions.stepsDefinitions.ingresaConLasCredencialesY(stepsDefinitions.java:27)&#13;
worker.org.gradle.process.internal.worker.GradleWorkerMain.run(GradleWorkerMain.java:69)&#13;
worker.org.gradle.process.internal.worker.GradleWorkerMain.main(GradleWorkerMain.java:74)&#13;
</system-err></testcase><testcase name="Flujo completo de compra"><failure message="&#13;&#10;Expected: an element that is enabled&#13;&#10;     but: no matching element found by [Clic en el producto a seleccional located with: AppiumandroidUIAutomator: new UiSelector().resourceId(&quot;com.saucelabs.mydemoapp.android:id/productIV&quot;).instance(1)] was not enabled" type="java.lang.AssertionError">&#13;
Expected: an element that is enabled&#13;
     but: no matching element found by [Clic en el producto a seleccional located with: AppiumandroidUIAutomator: new UiSelector().resourceId("com.saucelabs.mydemoapp.android:id/productIV").instance(1)] was not enabled</failure><system-err>&#13;
Expected: an element that is enabled&#13;
     but: no matching element found by [Clic en el producto a seleccional located with: AppiumandroidUIAutomator: new UiSelector().resourceId("com.saucelabs.mydemoapp.android:id/productIV").instance(1)] was not enabled&#13;
co.smusala.tasks.CompraApp.performAs(CompraApp.java:18)&#13;
co.smusala.stepdefinitions.stepsDefinitions.seleccionaProductos(stepsDefinitions.java:45)&#13;
worker.org.gradle.process.internal.worker.GradleWorkerMain.run(GradleWorkerMain.java:69)&#13;
worker.org.gradle.process.internal.worker.GradleWorkerMain.main(GradleWorkerMain.java:74)&#13;
</system-err></testcase></testsuite>